[RUN #0 100 10]
-218 -925 349 457 -815 -506 -604 167 970 838 988 104 539 -319 945 440 20 -532 -131 690 -465 503 453 -799 891 808 -927 428 784 -551 37 -459 365 -835 -642 -760 -108 947 219 -279 147 -962 641 607 624 501 -794 -983 -857 -901 446 -339 906 -268 481 16 839 403 309 341 85 -850 -287 -86 444 -376 348 -227 -888 -312 -51 -273 -43 -932 233 -270 -44 775 -300 -752 -578 -843 -282 856 -209 82 828 -309 558 -65 -152 684 -731 -960 -83 442 220 370 -785 318
-282 674 -353 -700 -420 836 -266 266 821 445 611 639 32 -701 867 -637 -87 894 636 -109 277 600 -355 470 -72 -680 -330 -435 332 337 -644 -523 -558 987 292 960 -253 -258 -955 -926 -1 -294 680 -75 933 413 34 327 255 862 -245 956 329 -695 -116 -650 728 -932 924 806 -64 467 -602 997 -816 407 453 536 485 781 -904 -508 302 732 555 890 -862 -596 -94 -681 -238 -352 585 429 734 -252 495 847 -19 201 -531 -428 -774 -613 -140 -753 659 -260 94 -866
576 -780 -803 25 -108 -827 -769 301 951 715 634 995 981 518 -815 -871 -505 -746 509 -358 614 -891 171 378 172 806 356 -821 -592 304 819 -576 548 -439 -140 717 -607 -324 -154 2 331 573 475 -902 -38 -627 -347 174 82 716 -50 -508 491 -637 -772 596 901 558 651 376 -171 -356 -379 -349 574 550 -810 -974 -616 -734 -182 601 -296 -862 -559 442 344 564 -605 299 -554 -981 -932 876 -541 -967 -382 -617 -994 42 -709 -828 -326 61 860 435 -450 -230 36 -545
-603 -395 -68 -990 517 423 304 787 691 -708 -484 -584 168 969 766 589 -823 954 -518 -332 411 -838 -39 786 -444 -251 352 155 -773 141 989 -102 -376 -549 -581 -335 208 389 -176 -912 200 -45 393 710 682 941 744 -238 368 -100 -358 -874 -948 -428 255 734 880 -988 256 -502 -354 549 -938 461 152 837 -148 119 -400 -98 196 -11 30 308 -554 -357 899 -323 -29 -559 -157 -284 764 -694 740 -950 -822 -791 577 -604 -415 396 601 -409 644 147 399 663 -341 441
-362 689 827 -219 -536 -903 -926 -910 775 -155 -548 130 -913 -710 -786 755 633 836 -97 -868 -141 637 -537 -614 -649 -572 -226 851 -766 -732 -72 -846 -426 -928 14 841 713 20 652 -499 -175 780 142 425 -964 -979 534 315 518 -591 -762 225 539 381 -951 334 958 345 -986 -224 737 -62 903 -905 805 -327 555 385 685 571 279 -574 101 -783 149 -58 600 544 -209 -969 -81 711 568 456 918 -777 916 551 -735 -91 -434 -186 311 810 -144 530 -409 -711 -495 -232
-53 291 134 569 -8 376 -940 661 103 992 713 41 -735 -345 461 450 -588 592 319 285 241 -551 707 -625 -290 112 576 439 -343 361 -54 714 -527 328 131 443 152 -687 135 263 578 -123 18 -576 -999 141 177 261 122 -887 870 233 498 -200 455 929 567 380 794 187 -28 144 128 766 -941 470 888 -297 26 715 225 -813 985 158 -790 -614 557 730 64 295 94 -580 57 -873 -379 80 -122 547 790 355 640 -979 950 458 -334 484 -964 -101 192 -26
311 626 -869 197 639 -167 -811 -449 -919 -106 708 301 -287 -50 -264 -658 420 649 -444 -199 778 349 -242 -41 427 503 936 300 847 279 -893 -573 -299 939 -489 672 -792 608 410 513 10 36 954 41 235 -570 832 470 976 407 -853 -294 -990 811 -304 -405 6 -629 -337 -569 589 -440 -900 -533 -348 940 -341 -553 -581 440 -631 -424 415 -920 478 130 -220 -442 -116 -215 20 -361 328 -36 -423 73 -241 631 296 -929 -448 175 -140 184 93 504 559 164 38 -655
-158 870 417 -733 850 -391 143 433 -248 833 776 516 894 -594 619 166 -485 -761 356 434 -390 899 -260 244 295 -379 -335 -936 -983 418 -664 936 -298 373 -53 -993 -344 729 -145 638 549 -290 253 29 237 -462 55 216 781 786 -916 5 865 41 533 152 -429 -938 93 587 690 229 275 361 -422 27 -567 -521 -577 560 -61 -930 419 441 -345 847 -880 744 -727 -846 252 -77 215 -976 804 986 925 308 -430 520 251 666 -225 768 116 327 -38 -953 -897 728
484 -690 963 -639 -676 -94 218 -535 -4 -131 -936 685 -451 951 32 -148 86 753 -257 -470 2 234 809 -476 -204 -201 -179 -946 -807 254 -16 -100 -724 -111 988 570 -178 147 -533 768 -563 -103 -942 572 513 -417 -34 473 -72 28 498 -744 250 265 -259 -657 849 713 -127 967 950 -746 -611 -723 -930 -536 -743 -402 66 142 -534 131 540 -41 -977 995 368 -183 -269 539 47 827 412 347 -472 72 -558 589 3 595 -740 135 970 65 356 -426 852 703 898 -63
-178 -718 -205 977 -499 18 310 636 -47 -494 -723 319 -381 -753 -862 -105 765 -579 -282 -847 994 589 -104 -769 -875 -562 -825 -80 915 -763 -529 -23 557 691 -65 296 -853 -323 444 -356 -281 -439 242 -485 260 -289 -919 538 -427 -543 25 196 -854 -66 -434 -319 -208 847 956 -120 931 -168 157 -656 795 502 85 249 -846 -195 -219 -345 748 -164 -315 -314 358 -454 682 474 913 182 37 281 -800 -821 424 93 46 986 -112 905 5 -935 487 903 880 220 302 -986
[RUN #1 100 100]
-423 199 -229 479 -938 359 149 565 74 390 -708 -116 28 -254 -343 -795 843 100 -554 580 904 -121 886 -120 995 378 720 -30 166 -837 -645 -641 -145 -749 575 139 757 -373 -623 398 -193 -591 579 -395 729 -670 289 393 -704 -759 -182 825 -9 -118 -446 -83 180 -166 406 641 277 774 -568 -684 -740 875 -244 -606 596 -877 981 -721 -39 -543 -928 -874 776 803 734 -686 22 -625 841 106 -812 902 536 884 -495 862 -148 788 -862 -477 12 141 429 462 -830 574
55 -955 1 -927 193 -876 538 -836 276 -856 -772 740 -944 626 -643 968 853 -608 -727 -666 -888 943 471 -105 387 -793 596 -50 -152 367 -911 886 809 230 981 -984 97 -253 730 777 191 -14 -190 228 286 124 -283 657 358 518 710 438 -614 -277 335 -748 768 -173 111 611 -825 -447 -442 -42 818 -184 -821 -549 83 -188 -327 325 -106 448 167 391 -65 -952 648 -231 735 -311 417 422 222 -989 726 -800 -775 -294 -145 -356 -597 362 -167 323 477 29 706 151
764 -207 -910 371 243 -50 653 443 622 -734 -216 512 -709 329 -66 984 414 730 909 -370 -122 -454 656 695 -528 -716 63 67 851 -897 -817 -42 -246 215 163 79 519 -386 -287 316 569 999 -356 -416 921 -758 66 266 149 -20 -899 313 -790 -991 166 277 -590 -765 70 -332 -920 -974 402 982 -681 -254 5 -842 130 -84 -399 -930 657 -721 874 -406 708 -189 597 -933 -128 -463 -389 -519 152 -89 -663 920 -706 723 773 -465 438 337 -529 359 -4 619 245 -822
126 -309 946 326 -108 62 709 -159 967 -370 449 230 -50 -292 -945 -774 831 -126 -222 -297 477 949 319 439 46 -893 923 820 649 993 93 422 -316 -557 -852 964 -665 -387 -582 137 -448 -149 -907 118 934 -473 109 -680 99 -463 -480 -947 803 782 -407 383 -425 -209 511 569 933 -471 -983 204 825 -389 -740 0 610 -230 907 -758 -523 -769 482 393 712 -386 443 605 588 -965 -482 -597 -166 533 862 461 -282 -39 282 505 827 -734 527 181 -130 260 347 390
-123 753 -910 -199 268 658 356 287 -460 414 -403 -281 145 692 -261 307 -171 313 341 -340 -364 -779 241 -651 261 -873 -343 -659 600 -848 -501 172 -382 182 869 370 -198 505 655 845 -461 193 202 646 915 719 -329 -709 -660 -82 798 -750 -463 -587 285 923 -642 118 873 -431 102 -533 -447 -410 -202 120 -231 -631 337 -440 391 446 905 243 631 -299 939 -9 598 455 876 -244 41 613 -245 -858 -658 -994 -773 316 -928 -61 -877 -310 -351 -158 -246 290 946 952
982 302 461 -603 12 678 -458 -544 42 298 217 -185 -247 -461 661 -591 65 591 -781 457 347 860 492 -88 777 -466 -493 233 796 -957 349 229 -923 745 -158 350 -251 -484 -794 224 569 -563 902 -564 -908 -752 218 -101 -609 -455 -858 -574 -270 390 -648 134 -62 -360 297 -70 702 -268 -796 -732 119 46 919 567 115 -937 -808 370 68 -699 204 -672 203 -222 125 -604 335 -975 526 -521 221 -290 -586 -568 -902 52 -194 -635 741 512 64 290 -432 198 621 -694
[RUN #2 100 10]
134 184 248 103 337 -95 223 -680 -420 950 870 213 -921 -298 864 -322 -344 475 917 19 -471 331 -507 309 606 255 532 872 49 -307 -601 850 581 -742 -755 915 -426 66 75 678 287 86 762 -127 -542 -458 174 798 -552 515 55 -849 -627 384 -897 -113 99 414 -223 -516 37 318 -121 820 -192 878 618 731 15 455 619 687 404 457 -483 -588 -443 842 572 -875 -925 472 947 679 16 -563 854 -820 782 -757 -327 723 152 651 -410 -712 122 -60 709 399
-767 228 -216 808 -886 588 753 -505 -709 244 196 -26 381 792 -729 -907 615 -318 284 828 -708 -707 -170 -997 -782 221 -847 534 -958 -904 -243 -157 -905 -414 829 9 -171 815 -474 424 48 -150 272 -314 590 507 -910 899 642 -859 -255 14 878 474 -122 759 -220 -940 -6 20 577 303 865 -210 197 606 538 -576 293 -833 -645 718 -822 812 -290 617 -51 337 -457 639 856 -143 62 79 -337 -600 387 314 -988 -937 -891 985 -647 -844 301 260 -446 -734 834 -264
61 -36 -463 178 -440 862 381 -160 -127 530 -155 -682 -258 -918 -739 -859 -283 506 -4 497 -74 -632 -456 130 274 184 785 268 -578 -290 766 -647 799 -903 -828 98 601 -114 938 -11 290 -216 431 -509 -422 -910 434 -51 960 593 -28 658 -703 672 771 -126 -915 -848 753 796 243 637 540 623 -359 -895 713 -120 133 339 -630 -591 453 -138 -262 -846 -689 980 -112 -799 -835 778 452 -824 266 877 -285 -65 -192 -966 -526 -485 451 -432 -740 -554 688 746 -464 -95
635 736 -191 636 -841 -944 96 830 384 -306 206 117 470 -294 982 -884 -136 -993 -50 86 514 961 -54 434 113 -517 180 581 -89 -900 -635 613 -553 -143 503 938 -261 823 -75 250 0 336 -330 -116 129 -41 -931 551 949 114 642 692 890 619 -581 182 -398 125 274 838 -720 299 28 756 -334 -284 189 431 819 -730 -624 965 638 166 576 627 380 889 60 -591 -140 123 -332 455 293 -352 -385 -84 -743 904 801 849 -674 -226 -61 -976 -51 30 -34 -186
869 870 -860 56 613 178 -93 523 -1000 -881 -603 32 634 452 -251 -428 462 701 800 123 -946 -650 -529 535 905 -612 -199 -582 -919 285 -146 -221 -387 770 945 527 457 959 333 -792 882 -863 -689 -143 -515 918 226 580 -272 534 111 403 628 -17 288 8 -968 784 -521 -227 472 -422 657 -949 795 -259 153 -721 245 65 -837 469 264 362 -130 453 -196 451 856 -351 -715 -265 -824 198 835 -102 -116 232 -607 128 -456 -376 948 560 344 -684 236 -478 -195 -304
297 157 32 -927 -831 -524 505 -486 258 72 -897 -697 -393 -80 -967 414 -737 -968 -849 -976 -257 279 -85 196 -296 -284 -746 110 -375 -919 81 212 371 6 -928 -242 -177 718 321 845 416 959 901 771 958 -581 683 -539 -807 451 732 920 522 579 957 15 593 461 999 153 -693 219 895 854 935 931 14 -793 -917 781 720 -480 -159 286 36 -763 -464 626 753 -504 -999 -377 788 657 535 -553 -435 -988 -14 181 815 503 907 -313 269 829 717 -608 195 650
845 473 92 563 801 893 -949 921 -216 -879 440 -92 -781 -881 166 272 -209 -513 478 -553 -217 -953 346 834 330 540 113 -384 -50 897 278 -706 680 -563 -226 623 -249 -182 526 923 -354 -603 999 207 660 786 20 -898 349 743 941 -908 -58 683 190 178 484 252 146 -289 -618 79 933 275 799 -972 255 -246 307 -740 505 561 -699 -162 -361 290 -398 -365 -588 -582 -372 242 -858 -283 -177 448 -882 185 803 717 -503 649 -222 -994 723 73 -116 -98 -35 -893
-530 -76 204 176 30 965 -614 -204 -253 258 -117 635 262 162 -984 -712 810 -863 579 -185 338 -959 -990 -221 -960 417 -376 -257 -88 219 -713 386 19 -575 651 -853 -554 -613 -174 895 657 563 -658 -993 686 914 -48 -112 362 909 -674 -309 243 -488 882 -718 -666 -219 605 -225 -342 659 -606 -443 -767 597 625 46 577 203 -535 767 -940 -594 520 -282 183 -934 -902 546 65 106 -698 906 412 -286 807 929 324 644 629 -823 981 171 794 -115 -22 778 -714 341
305 226 -331 -616 -278 -873 -727 -660 -823 -263 469 232 897 -230 545 -458 554 -715 -515 593 12 515 820 303 560 -172 -571 43 -705 329 -847 -328 -318 549 -174 -892 885 -754 14 -232 245 -957 -181 -321 -113 767 -305 -775 -439 -525 -362 197 298 675 894 662 -137 705 622 -484 -262 -870 606 492 -177 -987 -614 75 -650 145 108 -583 409 715 474 427 -689 -218 992 -664 -998 -224 -989 -79 248 -903 -565 371 585 -548 -324 335 -794 -655 550 -276 376 -928 739 -490
719 -984 -506 -820 -465 -968 -222 -677 332 752 -821 -605 545 -3 -877 -499 -245 -718 -723 542 -611 342 -604 -946 369 -809 -48 -701 410 -381 -504 -12 522 -882 -398 -909 -172 -657 368 -843 869 301 -630 313 -549 503 -450 546 -884 -32 -807 -119 233 -132 504 -713 -928 -260 -498 -683 -933 -536 -160 963 -777 94 139 -667 -480 -598 556 -716 532 -547 -519 -438 -610 -84 977 101 702 590 381 386 -56 -281 490 409 408 392 -834 90 680 -891 22 -725 -841 552 187 466
[RUN #3 100 100]
31 205 -720 545 708 -908 -549 269 -436 689 239 896 -981 -653 809 -138 34 -321 492 582 -361 444 500 -6 616 -701 22 406 203 -986 853 716 552 289 429 613 -464 749 -136 920 -471 767 622 -24 -238 -26 -659 -156 366 349 -863 -105 389 131 609 -715 294 233 -118 -893 638 -239 9 -792 -781 -791 -689 37 806 547 -513 -497 822 340 -668 -888 510 -827 711 179 -444 -983 -957 941 -948 735 396 648 426 293 777 -971 -782 -628 -254 -286 97 -248 757 -130
-491 -834 -321 -87 -680 -909 711 114 -56 -518 139 -668 906 496 968 -794 -836 482 195 106 -860 167 -504 -228 -237 335 27 -755 80 -314 454 -547 135 362 -842 922 -368 156 -634 762 48 671 907 -556 -79 273 -858 -740 -770 -98 -442 -935 -99 962 145 -719 -429 -944 -749 -855 287 444 974 -424 -829 904 -15 -568 -372 -201 -511 -785 -51 647 -896 398 -64 -881 -205 92 864 986 -905 -255 -983 977 -124 596 431 -405 911 498 446 -229 -510 -177 -78 -467 -399 -970
235 440 735 -439 -204 -839 103 -877 570 461 -176 69 -741 706 -619 934 313 -677 702 -771 -900 -829 -600 -846 646 690 -124 439 -589 419 -942 -320 634 -844 -395 36 -327 858 384 -994 -905 -82 63 248 89 851 -921 -937 491 764 322 -409 -112 -144 116 349 230 324 539 946 333 592 834 -37 738 780 5 -962 -119 -245 758 212 -751 -614 347 187 -164 399 -545 700 549 -464 72 -999 -306 -910 -207 -354 -653 625 -927 178 804 327 49 885 -577 -202 -767 -738
414 72 -866 590 695 -815 880 -786 14 -510 986 667 945 117 592 223 357 889 882 -762 969 895 740 502 137 811 -9 -252 -764 410 806 -360 196 981 -121 -378 989 59 39 -388 -926 902 -814 -155 364 230 -32 915 -602 319 -953 419 -988 -995 563 -463 839 -244 113 -357 -578 -757 -89 -264 738 353 579 516 580 -419 313 -171 754 272 -203 268 769 621 992 954 935 -546 -273 382 -499 452 849 576 509 -558 916 -135 816 862 262 -783 -134 -322 -14 -1000
-578 787 342 -631 240 -809 -64 490 792 201 -107 660 294 636 -808 440 -492 -61 389 2 126 -91 979 -213 -169 -191 -852 543 -970 -178 -477 777 20 31 937 255 177 -883 -489 -189 -367 864 -244 611 87 716 -488 -454 -313 637 53 347 350 709 654 956 -92 545 -359 -616 -890 -607 -31 176 -329 781 885 817 233 -747 -500 -805 284 -594 -389 794 708 -780 -440 -829 -997 -841 -676 361 -869 32 443 -703 -865 -444 69 133 941 -926 -348 -628 325 56 448 -197
-656 229 -430 995 869 -880 708 29 -932 -150 -899 -83 201 -437 -146 -819 646 346 -241 153 551 348 550 -349 644 -85 910 -633 636 71 -834 868 762 -824 352 -536 801 302 997 734 -927 -581 -335 -205 -136 520 668 -112 140 442 -957 -577 220 -665 748 -752 -547 -650 241 574 -69 -63 -605 884 920 -153 693 -663 35 282 -8 366 128 -324 858 -841 807 8 -623 79 378 645 335 -550 -808 398 730 173 -511 -875 -429 -988 -904 23 740 -730 -227 731 -500 -742
392 52 862 243 677 800 -615 381 -488 -902 897 53 -495 748 274 -483 -226 -648 -931 -507 -979 520 694 -257 826 935 -177 -794 -735 -40 -326 304 358 62 467 736 518 -966 539 -600 299 -560 -688 32 -278 -37 557 -954 246 417 590 -741 461 -717 -946 697 616 -630 435 110 -540 -809 42 -497 -437 -54 576 49 806 620 166 670 330 83 579 -609 864 80 145 463 606 609 102 498 869 -726 -655 551 943 -913 811 -244 -158 276 256 -639 129 -819 263 -502
611 191 975 79 316 501 486 466 999 -674 444 982 -246 507 -580 -331 -751 -861 867 -361 298 -947 430 -492 -668 -627 841 83 -979 -248 -507 -352 791 868 628 -318 734 -498 -26 -956 -641 352 -988 337 595 728 946 -962 33 -501 413 -186 -131 422 -10 -192 -743 -571 -295 279 944 -177 508 -831 -20 -255 281 792 839 -906 525 -419 87 -490 280 -592 296 -424 -785 -427 -782 935 -753 318 283 325 -881 742 149 888 962 305 531 -147 -758 -151 128 -272 165 -495
-606 -660 492 665 -293 806 -192 956 -71 -642 756 -109 960 847 -389 -319 -145 -676 409 -177 -659 -963 -118 33 -302 146 488 307 398 -727 -226 165 726 668 775 -201 422 -260 -181 -289 -588 516 937 143 -299 -921 -194 -173 -218 428 -224 591 321 -536 837 288 554 -275 -190 -100 769 -305 76 -576 370 -836 -219 -781 366 -877 -516 -677 820 -924 -628 430 -735 -669 -357 978 15 125 -31 887 705 -423 319 89 347 -90 -980 774 -406 -643 931 -671 -853 825 684 349
576 478 -570 -711 979 -543 704 794 402 922 265 262 972 -651 400 -807 42 561 -588 -417 32 506 -967 -923 403 691 -429 -834 -653 202 -56 916 391 -841 -113 310 -487 -52 -389 -775 592 -986 -931 -823 947 893 -635 591 -396 878 -215 109 -332 15 692 -203 -710 498 -820 -452 -866 836 59 92 -680 140 101 -338 12 -57 849 397 -426 -235 -292 801 667 -916 897 -439 572 -477 -484 108 -440 907 746 -705 -410 -373 -66 541 -769 -616 -214 110 -677 -643 -793 906
758 -429 -503 543 -319 388 -958 -314 -275 -515 576 -842 573 514 954 -791 39 749 -528 426 -599 -653 213 134 653 -956 -875 610 936 407 707 -899 11 751 753 -988 583 -660 627 -466 -61 649 -277 423 -749 -155 784 -378 668 266 197 -943 -527 255 -915 415 -59 -686 517 485 506 -756 595 -269 557 -796 -675 830 -557 -156 -817 384 129 912 -647 -71 -522 440 -871 438 872 -672 -75 -802 -40 -491 764 529 -191 782 -286 844 69 -12 -859 -761 46 316 -417 -340
55 -458 856 -499 631 -190 468 550 780 -166 -864 351 -139 -202 888 -525 143 -413 590 -172 -582 583 -41 -279 294 -104 -486 -793 -484 -817 -61 -968 385 158 374 986 637 12 -443 902 794 -69 697 -180 936 -366 -990 363 -421 811 -473 554 -961 220 470 -467 201 -57 -304 -471 558 125 716 416 3 -894 516 393 -945 357 -846 848 793 -8 -371 317 -135 -976 417 672 -633 -5 226 141 -872 9 -350 495 -871 -468 198 139 -491 -229 -916 -685 927 -739 -617 -796
-56 -753 811 481 -353 -58 -913 284 389 902 -449 -425 394 437 166 -11 -886 -374 216 226 -779 -345 765 322 845 -220 33 593 662 -970 -94 -79 149 -412 -397 287 -751 -585 933 359 -989 -972 -202 334 513 -780 805 29 -547 879 894 -366 -13 -286 200 666 681 88 -819 -653 802 -185 548 917 -46 -949 -445 175 271 342 -786 468 625 392 -625 569 864 -649 -781 -22 -132 283 229 687 -18 -139 -852 449 0 768 -541 -256 432 11 -241 632 -812 476 737 707
-542 717 -999 -565 -612 154 528 588 -468 -549 -920 322 732 350 -987 -693 468 -204 -552 400 -706 93 -872 -383 234 847 681 -96 -909 292 -421 611 777 -47 -686 -722 479 -332 925 -745 -171 768 820 -660 355 725 107 -259 832 288 -51 853 830 120 -809 833 -347 -298 876 -629 297 356 438 423 -390 842 -396 293 -967 -695 -721 370 -363 529 -271 233 -414 -509 144 415 -339 -844 -563 -253 -289 598 265 -595 224 -452 83 410 -184 -569 106 759 -829 489 -18 181
306 -646 -106 491 -196 115 364 -259 606 961 460 -57 -367 473 958 550 -419 -349 -951 -661 -924 -80 -636 520 694 936 953 524 -359 -325 -312 -614 -99 -478 887 804 836 -260 111 -616 772 -316 -902 579 447 320 68 -331 -944 -223 4 35 687 695 -855 457 -132 -458 11 390 -159 -996 133 -124 -102 -461 -746 -737 802 930 -501 -600 994 472 374 -82 -194 174 541 19 470 -244 97 611 -913 -53 -651 552 -932 -547 365 612 280 258 660 -997 773 -797 487 900
873 -906 770 -736 -802 924 -674 -191 -822 962 -692 -155 162 -676 -249 35 -766 -477 -40 519 -441 -23 226 -171 250 -439 129 636 -99 206 -248 -513 -976 -789 530 426 -809 -440 597 74 -964 12 911 -966 367 -132 244 183 846 -342 314 -681 219 -467 413 -41 -740 -576 943 -444 961 -201 -962 -163 282 13 -743 227 -92 279 584 -827 901 691 831 715 -508 -521 247 -854 674 -485 -624 611 -59 153 364 997 -481 336 -810 959 17 -137 863 299 -334 -328 564 -378
406 187 -838 740 228 -657 -507 961 -56 -431 -466 -613 -917 448 -228 825 -89 739 -844 -942 491 -491 158 512 -580 38 609 -823 996 622 517 129 -748 -313 -261 595 -981 306 173 656 637 41 379 -904 554 -564 632 60 -150 -62 -153 590 -464 -91 694 546 -143 -225 -637 -697 -357 47 390 -668 -94 689 735 799 39 596 -572 -582 -595 400 -76 473 247 274 -132 -87 -794 -202 -316 -551 -777 -733 646 -756 341 -288 -117 -109 -219 -348 497 69 520 553 130 263
-310 218 517 -291 -62 -97 -391 210 878 -390 261 194 -311 -793 518 -248 -637 -529 -698 -132 -798 -886 204 496 481 873 -100 845 360 412 852 550 -355 -735 -316 -685 464 146 -327 690 449 483 -747 -829 -108 -531 410 -768 853 198 799 -179 -470 683 61 -528 -590 -753 4 572 580 -725 275 -986 484 -696 40 587 251 670 313 791 -200 -659 -465 188 178 824 979 -776 -807 544 501 42 138 -346 688 16 -312 340 699 196 841 596 428 -772 743 -4 192 403
896 123 219 736 393 880 666 -998 186 -556 561 239 -44 -236 -664 429 -982 -72 563 -776 -774 659 984 -259 -603 -418 183 -199 -920 338 459 -229 606 -21 -711 -84 -864 315 -897 -787 897 -868 594 -819 394 403 -337 881 598 473 -574 283 -855 -600 -747 -409 -834 288 946 -123 -365 -18 -985 -174 22 -392 439 867 597 -454 899 495 525 461 712 -132 546 558 149 -816 -79 852 702 -318 -470 894 -483 -997 809 655 975 289 111 244 691 916 -992 833 -881 932
336 -167 826 -560 -940 35 -715 -470 998 -335 72 329 -475 455 431 649 579 782 866 178 602 -630 460 686 560 612 274 -973 -778 55 428 -284 566 95 -153 -678 773 961 639 12 -625 -873 699 -593 820 -481 -990 -632 -227 -350 -832 605 -866 555 80 895 -109 -472 -680 506 754 208 459 781 183 380 -942 962 325 -844 908 798 -753 767 604 456 718 587 368 705 -385 24 -145 469 390 -412 334 515 -541 -751 758 -595 915 -880 201 -237 359 -405 837 -467
1 441 -969 145 -159 -308 -936 72 325 -105 981 -623 -125 141 210 34 792 590 -277 -188 222 31 -52 -448 741 -837 -227 -385 878 442 -872 -47 -374 360 -756 -97 253 -150 670 494 762 255 -701 285 114 -465 178 -163 -900 291 720 -78 -641 767 204 343 284 -909 -306 935 281 580 926 -204 -435 556 239 340 -249 501 -712 393 452 38 976 599 894 211 783 -116 503 -658 -296 562 422 -619 -395 64 -725 616 -278 517 939 -64 -911 -955 -914 667 -847 -419
870 -431 619 430 49 -157 380 899 -55 720 943 432 979 424 -78 692 -335 632 450 47 736 -380 -209 -533 -579 977 -831 -739 -797 146 403 3 -795 -833 -587 738 595 -764 226 -690 827 857 -504 -60 -249 -594 -114 -213 256 158 126 -964 -423 -975 -624 531 -387 -437 -64 -127 -838 407 -752 -371 667 -966 484 -899 58 84 -325 460 -406 -651 -942 829 995 60 -542 -146 284 -106 -408 892 706 -53 255 -485 -638 -802 -386 -330 -683 882 405 -241 113 -926 -863 -446
-708 -233 -72 695 -680 150 738 -527 62 365 438 -625 -756 74 -643 -892 620 667 -716 298 94 -64 -525 25 -369 -586 -916 390 -588 509 -389 -275 409 395 578 -503 112 489 900 -109 -81 248 541 865 -37 469 -331 386 -116 511 -815 -670 685 886 770 785 540 239 388 -969 311 -23 527 444 -143 935 -974 226 -602 462 -505 -963 -371 -707 798 -123 937 -352 -103 -28 -474 720 190 -751 -270 -243 83 40 286 499 -551 574 364 188 -195 -54 663 -239 970 -30
397 -529 553 543 670 741 828 -41 685 -441 -35 140 -541 205 -841 994 900 559 468 -838 -174 -947 652 712 -671 -362 182 43 610 848 98 531 478 82 784 -117 -889 491 312 -303 -869 177 805 15 -702 -341 -514 -791 66 158 179 -268 -218 -64 -309 -549 -381 248 294 938 -687 -894 -242 -922 -325 827 696 257 626 976 524 -213 458 -402 -190 157 629 -59 243 -504 -967 -435 704 876 619 -145 -356 -214 313 -82 604 985 -293 -931 759 -3 -942 -209 -238 152
978 -442 927 484 -28 -303 -936 606 365 -722 294 -855 -112 -965 304 -690 780 994 870 919 160 -221 227 -870 209 -401 846 811 745 873 -338 -881 658 968 -766 598 -339 -232 797 935 627 -604 177 82 499 409 804 -809 698 -287 -197 -235 341 -506 -73 -662 -640 366 877 536 -322 114 265 741 40 656 -424 874 -101 760 567 -755 992 749 604 -707 152 845 951 329 617 -817 633 594 -745 504 166 156 908 -841 944 150 223 -171 400 -43 717 836 692 379
120 495 619 -537 -170 294 -127 754 -236 -334 53 -427 559 852 -598 474 -738 928 496 -253 -885 -149 -137 736 -583 -613 22 -656 -820 -1 -212 136 -542 721 -554 -364 695 97 -588 896 -641 488 -959 806 -730 44 -894 845 -241 153 -291 634 101 -8 -616 244 208 -161 -485 -723 -856 275 966 -515 -135 -442 578 -436 469 -589 492 796 -857 333 -325 -274 203 118 -626 -563 -472 191 480 172 -925 -413 574 -786 652 -473 -663 -882 -173 -338 -443 -237 -192 994 -155 189
68 -794 -815 -215 848 -330 858 -525 478 -590 221 -418 -508 -963 578 281 585 -391 -769 261 516 -349 412 -677 253 -350 -17 -706 -475 22 406 231 885 -972 747 -387 518 -987 -703 169 -967 -547 349 144 607 33 613 517 -911 -452 234 -916 19 -701 760 199 -490 -124 -277 -690 -762 568 -275 -175 -48 468 -646 -397 296 -631 389 -104 -3 860 163 530 789 -641 643 113 794 781 -606 -642 503 905 -672 -32 -612 -110 -629 -473 664 239 550 387 -324 748 529 -867
701 -704 437 -615 -593 75 509 946 -133 911 871 -643 -964 -728 -749 -546 31 683 405 260 -813 252 482 -729 -966 -695 -609 -870 35 590 -414 447 129 -869 -769 -288 -504 -311 -30 -276 -991 826 -432 -848 1 -631 -1 -117 -468 -899 -515 -476 337 -794 209 -346 -391 487 -903 833 -614 155 284 -860 812 -665 -80 335 341 -486 708 472 -232 -377 353 -201 113 -564 569 -213 603 658 -871 481 26 -537 70 857 545 -507 173 538 -206 -521 -986 614 33 -59 875 -114
275 -561 371 -391 -828 -234 -926 -741 725 -128 -348 289 834 209 -943 -790 -779 -629 -934 890 -132 -925 554 -77 -958 463 95 852 -28 524 -429 -457 537 999 -72 2 259 535 -209 450 -400 -844 -549 640 225 910 804 385 802 169 335 -700 -849 -684 328 604 723 -353 955 402 -149 -9 -6 -122 902 -868 -22 -643 551 470 -977 -481 -938 -221 798 -100 571 668 52 847 -622 -218 -250 -642 610 -296 -556 -767 859 -381 906 687 -843 -729 184 850 -525 614 773 252
679 670 -146 -55 -167 -272 -810 -634 -541 640 -511 -2 -984 131 515 -886 -399 964 -495 -128 -12 619 -10 59 -470 699 -382 572 -116 344 705 119 -394 -975 233 891 -824 613 122 638 809 -105 900 -63 -812 737 325 -359 -286 -489 462 427 -60 975 837 -875 -380 -546 -411 -358 134 584 -549 793 742 -765 194 -325 -800 -911 548 967 69 675 -535 990 40 -832 -180 -809 209 -753 839 -266 758 915 28 814 -410 54 -297 472 -323 -404 850 -925 446 396 937 961
-594 553 33 954 562 206 -423 -704 -313 296 194 -275 -516 -217 869 201 -844 -742 118 806 -299 -881 -708 720 -163 669 -459 613 -752 951 471 351 -919 -496 43 -509 684 440 154 -572 213 -994 949 161 540 -49 -837 -916 364 -992 523 287 841 9 751 -357 -681 292 746 836 -910 426 -783 -199 -940 879 813 55 -259 514 -628 623 -721 822 790 -220 334 752 989 228 512 -607 715 -813 -788 670 -345 617 749 -138 -590 834 -593 -175 -626 399 663 538 674 -836
387 -515 186 431 602 206 518 191 -48 794 -67 -494 -661 832 445 708 822 -514 466 -159 291 -269 847 -561 683 184 -461 -853 -228 -874 638 533 455 779 -439 947 -188 -522 -848 -37 -907 -607 915 -707 -265 363 436 -930 635 795 -94 247 760 -68 -827 307 -361 -836 -802 988 -872 -944 687 936 379 -371 -279 -41 103 776 -929 -681 -416 -893 -231 168 723 193 146 -795 14 773 -128 302 64 506 147 685 -414 -1000 746 4 771 571 421 269 -114 -230 13 -108
-383 -339 -889 -176 378 599 432 -66 -820 630 -517 302 -916 -27 -139 -733 -185 17 675 907 431 377 9 -783 515 -625 78 -120 -459 -136 -740 645 600 -790 -559 -887 -42 332 -301 764 -788 712 -600 698 707 181 945 -1000 -653 708 943 -255 731 90 877 -85 272 709 471 369 -311 221 -874 129 38 -474 -24 -974 -80 983 -242 37 -159 397 -103 367 -452 970 720 -963 -94 -737 564 -866 666 -476 604 -678 -406 799 -282 -957 -92 8 566 107 189 372 601 -736
361 -886 332 943 -846 536 -643 687 -82 398 -188 208 -625 647 933 -299 -996 704 281 -878 630 -809 246 -199 -133 -578 50 -452 508 -197 -487 -376 -706 -103 -214 901 -619 474 -966 570 8 963 -231 -541 264 837 -768 -614 -131 -120 -921 -508 991 -795 284 436 450 216 -252 918 -554 885 272 922 -390 406 -351 454 -262 58 28 -792 493 -294 -254 -585 312 -60 -999 495 -565 -756 318 -382 -176 617 112 981 864 800 -884 -313 -523 166 -477 775 540 290 280 -904
22 -344 -849 -938 -160 -892 807 36 827 721 -657 -173 970 333 -501 -971 60 -1 23 -506 624 -396 71 -610 -22 714 482 498 -227 576 -636 443 475 -237 -66 -497 100 987 190 -350 -941 31 631 589 -154 165 -472 260 -616 -654 -401 39 -456 16 -777 -138 -116 -823 353 196 245 407 552 638 328 933 -191 750 -424 299 -194 163 -553 -134 962 485 -834 -679 -874 449 -325 -828 226 456 517 186 -412 166 -229 -415 -92 986 -25 642 251 788 313 86 870 924
-990 721 -965 -617 -394 -472 161 1 100 262 -314 -899 -147 379 -447 500 527 795 -286 268 -445 -779 -701 -187 -772 614 916 920 353 -98 -315 226 -547 -994 33 -527 -774 -577 702 362 798 -420 293 -103 -540 -58 47 701 181 678 -969 -562 937 200 -543 -324 420 -678 -769 -355 -239 244 384 716 602 514 733 -694 222 -184 -249 501 399 924 -42 -804 210 18 767 857 888 182 894 -345 376 -795 -863 84 -251 -279 743 265 -444 965 -648 517 176 696 -74 398
438 -601 53 -692 66 487 -169 484 969 751 -633 -384 -972 723 -263 -929 798 926 777 -870 301 -109 -710 160 -153 -481 -346 -299 235 736 437 271 144 903 902 494 -957 855 944 460 330 -479 -7 439 -434 -754 45 347 23 563 374 706 -236 -940 493 427 859 174 -516 -34 711 820 -378 166 938 -260 461 -955 -235 86 904 -566 605 137 -414 477 -296 -816 162 -995 -454 -491 -365 -69 -649 -21 7 -686 -371 208 -772 -198 275 -861 -99 655 6 -411 -711 261
0 -933 -743 -874 14 35 -221 439 938 322 590 71 -920 -617 461 866 -976 -137 -404 112 -890 96 -842 -238 -335 -871 974 -803 336 721 -146 581 -780 536 -279 -922 252 -853 -195 -668 -654 53 478 84 823 896 162 191 412 -276 709 541 230 -805 691 558 -131 -313 750 -222 -559 761 404 -583 -522 309 -677 794 -689 644 635 -130 814 -990 -435 -648 849 413 791 19 -924 628 527 -150 -186 -447 -923 -768 157 81 420 848 566 665 -292 174 -78 -317 -152 -215
[RUN #4 100 100]
834 561 478 17 88 726 -2 566 208 -593 -859 122 882 -644 -84 795 -409 -128 695 283 -685 -396 -361 -219 879 -737 603 -442 -756 -936 104 -458 -116 610 391 -433 389 -86 899 -584 -36 111 87 490 -943 783 -385 -864 409 -392 -220 397 275 314 -425 612 -684 697 821 -267 414 586 -937 -189 980 947 -248 -53 -12 611 736 973 781 -97 -345 -940 543 -860 444 649 272 -115 -406 -660 764 -51 -194 -984 750 -481 915 -655 -751 532 169 116 -93 -44 878 -722
-402 -181 -835 626 -166 -92 -760 796 965 928 396 -13 -965 192 -12 981 186 -741 -520 -9 -526 692 219 -205 783 175 385 841 629 -279 -718 -429 -221 198 -736 660 -924 300 475 917 738 -574 130 857 236 556 -197 -804 -903 -287 -182 431 -536 211 527 623 853 -244 419 -576 542 -527 205 -818 687 -653 99 73 76 -133 -761 -149 584 828 -677 -394 639 889 152 203 177 293 -68 -65 -790 0 158 -61 -189 145 -978 -746 -194 638 -945 267 -178 505 -164 -998
-919 534 -376 422 -991 594 -61 749 -607 -372 770 105 124 -465 -723 -315 185 483 557 -644 -604 154 750 980 682 75 318 -669 301 -397 -280 320 -42 582 348 117 -878 723 378 -246 -96 -128 -333 -54 -118 -191 -649 -377 757 350 769 237 827 145 630 -293 -879 -995 40 -646 328 48 907 -399 -673 -69 785 -775 -645 259 727 694 -532 443 555 -345 644 920 -269 -22 735 69 635 787 -800 -752 962 957 1 740 -997 -226 451 -558 -127 796 -796 -357 -422 292
740 -520 118 -8 470 831 568 725 691 -56 -946 -861 347 531 -220 334 -533 867 -234 -939 -185 -229 10 354 -925 -59 1 979 -332 788 884 -855 664 -92 226 541 103 -314 389 436 904 413 557 -737 201 -12 -223 -472 457 291 990 -848 -93 808 955 -515 -867 99 40 -959 293 381 456 -330 -377 451 877 440 843 850 -836 -663 -507 778 -201 -433 -624 -517 416 651 499 609 951 361 14 -598 177 449 -46 -302 -491 377 22 -298 -664 -609 502 -716 -222 -591
[RUN #5 100 100]
-489 764 -992 447 -948 -215 -846 966 -778 174 276 475 -855 -681 727 881 -384 -66 948 -90 -534 813 -45 220 -624 922 667 15 574 645 -495 788 -850 -755 975 -111 534 -493 140 -830 -302 -918 -329 -419 52 958 -757 945 -428 -957 105 666 -352 173 949 -591 -440 -853 459 -970 -735 774 85 737 -718 -736 469 233 -836 248 921 766 -724 493 -573 -696 139 403 -743 694 235 415 -60 -51 -166 130 462 -922 328 -834 -377 -767 706 458 -246 -912 938 -816 229 436
580 669 142 -848 121 86 161 -678 -121 449 587 847 -449 347 -156 51 606 -235 156 197 873 819 590 965 -46 986 -134 -592 -655 214 504 -663 -582 -8 -93 81 20 -292 -570 846 -800 832 689 -123 404 -339 91 533 406 -479 812 -214 -44 535 -495 -149 107 -27 594 906 0 -738 29 -736 440 228 -728 747 -433 -65 -526 609 250 930 -954 550 -206 523 -881 133 25 -362 507 910 78 159 -951 -775 -144 -229 333 537 -962 919 -320 278 259 -693 116 341
901 50 -622 -540 -608 632 -563 96 -407 300 -739 -549 -216 -545 674 -64 -750 894 180 934 -224 151 -120 927 -727 -910 -414 858 477 -392 -436 194 -889 217 -923 -233 573 840 -290 168 108 730 968 -63 260 -434 -603 718 967 -453 -180 28 557 -851 58 728 148 801 -757 -192 -280 812 -333 631 433 100 -881 -162 52 639 306 -991 -413 -419 -308 150 453 235 -28 232 -556 -331 184 706 192 -675 -350 -248 -260 501 386 665 846 -144 942 493 35 -794 -674 206
763 790 577 -699 156 -39 187 -629 18 231 224 -53 754 781 258 361 -346 302 264 -242 -861 -874 824 657 -509 -491 -193 -425 -968 -119 398 -505 415 -49 322 675 277 378 -179 -755 -914 -103 -248 -136 -849 749 351 210 -234 -757 -173 -632 -868 -64 -244 526 -742 293 -504 38 -129 843 851 537 -855 -341 2 -105 450 -88 -147 -769 779 460 981 -698 418 -230 121 -723 831 396 937 183 -967 -610 932 -338 -151 74 778 242 -16 82 -782 -260 -415 445 -69 957
329 -205 -851 -776 913 4 5 -798 -759 -478 896 -296 106 798 -909 -187 137 -267 504 -319 -105 -500 -650 28 554 -254 -152 -479 657 867 -418 -860 -102 -41 206 -535 805 -647 638 499 -962 -955 600 748 934 -808 -61 -686 432 -582 539 -882 -448 47 -980 19 269 -964 355 783 -331 838 892 -935 676 584 346 -38 774 -294 -713 839 686 -356 207 -660 461 933 -854 180 -279 912 289 -248 -630 -326 -792 595 -139 344 -95 -4 988 -830 780 -620 705 -340 392 428
588 -346 -186 983 -828 -235 -440 -983 -288 897 429 89 -956 -504 73 -808 -801 -809 -515 631 956 526 -258 -118 -953 885 -141 174 60 53 383 863 -78 -321 634 899 413 29 435 873 -685 208 -33 -433 -268 -686 892 -540 949 -761 632 -560 -63 570 809 -26 -93 -8 982 486 -715 -852 -135 812 -922 -73 206 -792 -182 718 743 -489 -302 -170 -457 -728 -54 14 -886 510 -372 15 -650 -980 -625 712 0 -834 -552 469 202 96 -923 -496 -602 23 30 -723 -510 330
416 -50 333 -564 691 289 -627 -44 -439 468 203 -621 -6 757 671 -823 981 356 -656 863 -756 619 -943 -476 -886 -190 3 518 525 367 -981 -948 208 -406 645 758 717 502 622 -328 124 165 -477 682 789 -548 -263 407 -469 156 -123 -678 673 360 -27 -281 13 -222 508 180 231 627 521 744 -193 -302 533 -858 256 -770 -649 343 369 -604 -575 616 24 -104 808 489 -944 -207 956 -119 137 -54 -785 255 -772 -976 702 -425 649 347 74 -834 -430 202 -3 816
-869 832 -767 -413 627 416 -572 812 769 -741 -42 895 -424 -739 235 -270 -954 308 373 -147 -453 290 -447 -314 222 -301 153 202 -675 167 -505 -609 531 -439 -559 -449 -181 209 -841 355 712 52 206 -171 -865 163 -685 -783 -387 -873 147 -352 434 379 -712 446 -760 -487 595 -36 432 58 -774 -241 601 -72 878 -801 682 -169 651 -973 -926 -525 856 418 314 -242 -566 456 -479 -639 -928 227 -678 979 14 346 545 649 681 -49 938 12 865 -624 400 796 -351 811
-186 -644 125 812 192 850 29 719 -486 710 595 -9 -868 -140 -661 708 -966 -761 -149 -165 679 460 -44 -220 -33 759 -535 725 368 -793 578 -949 -825 -474 -836 582 114 -994 198 -95 -677 525 882 573 -681 184 33 319 -787 935 -302 -591 -279 641 632 310 426 346 690 986 -756 -690 -699 -879 -487 -546 607 967 225 484 709 -147 -117 333 -12 657 218 -415 942 137 -325 250 -355 -131 -789 680 -242 -445 -125 82 610 -534 -599 408 240 -31 -559 -804 -312 356
-368 -232 346 -523 -353 4 -567 171 -926 -531 203 61 -490 294 345 -553 484 155 -986 -629 32 215 59 -339 3 258 -335 -77 461 721 -710 151 -319 523 960 -550 -154 336 -209 850 920 733 594 -327 -273 887 -585 -471 -934 396 -616 650 495 80 284 937 31 973 996 -768 -712 445 290 -230 631 776 -151 667 201 -816 912 808 -424 -16 -920 -254 -33 403 -203 43 -104 319 -932 -421 825 248 339 840 669 -693 438 -321 601 55 -494 27 102 -74 5 -906
376 878 -29 873 -235 -600 -134 -812 97 334 3 974 541 542 438 -897 -848 -542 749 2 792 918 482 275 126 -147 394 284 8 -996 -887 648 -361 -62 -399 621 647 -289 631 346 -569 -30 -132 -742 312 -774 849 211 -319 -494 -838 61 -450 172 -265 -417 -935 817 -554 791 -703 -876 49 -454 395 -531 -866 409 -741 714 -493 -598 103 305 -536 145 -564 26 705 847 -713 -272 477 205 691 -914 782 280 562 773 485 -570 -845 134 667 -573 678 -386 337 -669
-115 -782 -450 -475 -327 -67 -302 39 62 -772 -697 -610 445 -663 520 861 -554 284 308 621 -154 761 562 513 -564 -542 410 -408 713 758 -592 468 -929 835 -650 66 413 41 -591 -625 -131 147 254 202 -681 -60 -998 -930 -807 2 239 -424 -538 302 -838 650 890 834 798 -758 936 -50 -193 169 -70 791 200 289 529 48 -269 -273 199 290 725 602 -721 131 -100 -771 370 -21 -101 -631 -740 -582 -556 158 -897 105 -20 -986 -310 403 -812 323 437 622 516 -641
-476 -673 -615 -708 -791 -129 597 -723 183 773 -345 864 485 -100 283 -732 -250 867 104 117 823 315 297 -785 -337 -52 -464 -768 -329 946 -474 -642 746 -396 792 456 28 -421 -93 81 382 903 -860 199 643 990 -720 399 -482 -798 -218 798 -377 -486 -975 74 -829 202 -991 241 708 389 -491 -123 -304 514 681 -907 -83 189 304 -241 -139 -731 -150 -853 -926 767 488 490 -913 340 807 699 -461 437 -217 -187 33 -502 -956 -871 -417 53 525 -298 -549 -459 -936 -110
317 -152 332 -200 8 246 -657 -435 296 -419 -366 510 -562 -406 -407 155 -91 849 655 687 -531 -442 133 723 164 -154 676 -609 814 477 725 -873 728 331 -427 307 -754 -559 955 -412 -248 -362 -286 81 558 456 -254 -975 659 233 -425 633 589 -871 269 120 925 717 586 -466 -298 -768 -43 952 -961 387 -630 -317 454 -588 -832 -563 166 -481 641 -461 -809 -158 -876 -962 918 790 764 2 182 104 47 256 -757 360 -143 -135 -18 438 -765 915 -862 835 684 -137
-130 -810 -190 416 -907 -347 -574 -773 -473 -558 -976 6 -491 -244 -611 729 475 706 455 -469 408 538 -187 -116 14 -630 -103 -591 598 650 -753 -920 269 -840 348 -33 326 -471 381 -219 -404 -534 -178 4 949 -626 -809 417 864 -381 79 -701 227 435 45 174 925 954 686 674 839 -729 -619 -398 -816 -257 -849 355 -570 -983 204 933 968 -90 746 -323 950 667 414 843 471 952 697 522 -925 993 -273 -730 528 -161 -658 -488 -114 958 566 766 737 -400 660 42
[RUN #6 100 2]
277 859 829 -714 -86 -728 161 197 -834 507 671 -706 946 887 -976 -47 594 943 360 -159 -285 985 737 40 -253 724 370 915 -241 -325 933 -140 -855 -128 -749 -477 612 727 -292 -502 -476 942 848 430 -991 -824 -392 56 986 82 17 609 107 -737 892 25 -374 -310 -887 -924 349 -20 631 -385 -377 835 906 723 -393 -913 -632 -166 -781 103 -190 345 243 -450 -501 -818 -397 -311 -238 981 -580 -324 -984 -255 184 -840 -148 -59 -151 983 201 512 26 -415 -157 578
716 -543 785 44 -910 749 802 -721 -545 -913 -115 -240 -204 157 550 -462 -146 854 346 -71 -758 37 -708 372 291 -100 -478 410 -86 755 723 454 492 437 430 -197 -975 537 15 -435 -12 -450 -882 621 546 -824 -416 -546 920 508 -711 -572 -846 -959 420 -884 196 -619 803 -47 190 -399 -751 391 -319 276 893 -625 600 916 -310 -579 160 462 902 -657 -958 -680 579 -631 692 810 -766 -393 980 181 514 -566 144 -97 -241 -438 991 510 -878 434 555 849 365 718
[RUN #7 100 2]
-778 153 299 -297 -505 -18 24 686 -780 -976 -323 -739 13 -634 786 961 100 -932 -834 105 -181 -96 -987 674 851 949 -927 -569 551 -849 -983 357 -798 570 -100 838 -916 883 397 479 170 984 -237 194 -854 -736 -769 39 206 40 141 -990 152 745 -655 980 -329 -561 -881 834 -664 -295 324 -593 -850 -184 982 -844 -937 788 -267 -714 -946 -36 -489 65 -422 452 -565 780 -910 -901 534 480 -856 798 -931 -153 -37 62 -458 -948 880 -958 186 -275 -3 -570 594 50
-562 395 882 -909 24 -174 484 -258 977 51 -845 -871 142 -630 -509 153 726 -998 -983 400 -697 -538 -779 -212 771 -250 -73 -298 -87 305 523 77 204 -113 -986 -614 530 -88 -801 105 508 -602 520 660 720 290 -809 -268 408 -965 731 129 157 -567 874 -357 -4 605 -720 -880 708 -764 480 849 211 -996 -192 262 619 541 451 -131 -883 -53 496 310 341 -199 282 -130 -501 -678 -683 -706 -537 -78 235 -374 -774 934 -638 617 442 -210 -405 319 626 281 653 115
[RUN #8 5 100]
-959 -200 -868 -105 746
250 225 -129 350 -628
743 239 -383 950 -410
-981 -930 -390 623 -369
272 350 -251 -398 89
564 314 -630 -171 757
135 859 -584 948 350
-893 863 269 446 384
709 216 -646 -99 -830
-841 582 600 133 329
758 -641 815 -472 -437
-521 848 129 490 600
776 -738 704 -412 658
198 832 -730 -953 -114
-196 -635 -163 492 -37
-531 813 -895 -581 -569
-719 -815 156 -315 342
284 198 40 -874 -536
30 -157 388 -627 119
-160 466 -551 57 -896
826 -843 230 -775 -136
-698 -722 -670 -891 337
-70 672 -10 -772 -735
990 -316 548 -480 446
-291 697 698 810 836
-242 424 -676 135 -946
-978 833 512 412 -529
-789 -347 859 325 -286
16 -722 -933 1 -103
50 -650 -329 -707 940
[RUN #9 5 10]
-546 668 -550 -687 682
-627 113 -873 582 137
805 -90 469 279 383
837 -329 -190 -447 351
-75 760 -715 -424 716
-363 -1000 368 -19 103
22 -374 -133 -357 370
-158 -969 -581 -674 -598
648 -352 606 407 62
-611 978 955 -383 683
[RUN #10 5 10]
648 -237 224 -51 879
-94 767 904 900 -142
688 609 -286 34 170
954 -822 -744 602 -557
-23 -421 -880 212 -539
-151 -485 953 880 332
893 550 649 -740 900
-435 -433 662 461 668
-375 82 -849 -919 787
683 -129 255 589 426
[RUN #11 3 10]
743 -452 414
-16 -587 -267
488 -305 -988
18 -446 -649
839 -293 822
-809 -703 631
-31 854 -259
-971 519 -757
460 800 -467
940 -501 257
[RUN #12 5 10]
316 621 -987 848 -712
-842 87 -493 -715 346
-449 -755 259 754 166
-885 523 68 269 8
-124 753 -809 -221 977
-783 30 -75 208 592
-313 115 412 18 265
585 522 -182 -139 616
-745 -436 669 -144 686
-961 -183 593 -315 -973
[RUN #13 5 10]
778 -214 -697 -218 928
-938 -281 479 238 -661
181 -399 -517 937 814
-902 474 -272 84 -537
-153 826 170 746 216
665 -382 348 -903 -460
9 496 645 682 -147
-550 -816 -809 -772 -963
369 -565 139 -172 740
733 -807 -43 967 -826
[RUN #14 5 10]
402 481 -350 -788 -598
643 103 466 554 -309
-444 -502 570 172 -212
-57 408 970 359 -320
-911 -237 -887 895 -460
-832 -838 -764 -762 849
401 -453 164 578 -259
-118 17 -752 -226 -344
-66 -621 -101 818 -1
-412 75 432 -715 -859
